<?xml version="1.0" encoding="UTF-8"?>
<!-- Generated by org.testng.reporters.JUnitReportReporter -->
<testsuite skipped="3" hostname="alo7-sd-122236" name="demo.TestExample" tests="4" failures="0" timestamp="16 十月 2019 08:17:30 GMT" time="0.003" errors="0">
  <testcase name="aFastTest" time="0.003" classname="demo.TestExample"/>
  <testcase name="divisionException" classname="demo.TestExample">
    <skipped/>
  </testcase> <!-- divisionException -->
  <testcase name="aSlowTest" classname="demo.TestExample">
    <skipped/>
  </testcase> <!-- aSlowTest -->
  <testcase name="testSingleString" classname="demo.TestExample">
    <skipped/>
  </testcase> <!-- testSingleString -->
</testsuite> <!-- demo.TestExample -->
